# JRE version: OpenJDK Runtime Environment Temurin-17.0.2+8 (17.0.2+8) (build 17.0.2+8)
# Java VM: OpenJDK 64-Bit Server VM Temurin-17.0.2+8 (17.0.2+8, mixed mode, tiered, compressed oops, compressed class ptrs, g1 gc, linux-amd64)
GC Precious Log:
 CPUs: 8 total, 8 available
 Memory: 15735M
 Large Page Support: Disabled
 NUMA Support: Disabled
 Compressed Oops: Enabled (Zero based)
 Heap Region Size: 2M
 Heap Min Capacity: 8M
 Heap Initial Capacity: 246M
 Heap Max Capacity: 3934M
 Pre-touch: Disabled
 Parallel Workers: 8
 Concurrent Workers: 2
 Concurrent Refinement Workers: 8
 Periodic GC: Disabled
Heap:
 garbage-first heap   total 122880K, used 72088K [0x000000070a200000, 0x0000000800000000)
  region size 2048K, 26 young (53248K), 4 survivors (8192K)
 Metaspace       used 83663K, committed 84224K, reserved 1122304K
  class space    used 10779K, committed 11008K, reserved 1048576K
GC Heap History (20 events):
Event: 2.695 GC heap before
{Heap before GC invocations=11 (full 0):
 garbage-first heap   total 61440K, used 18964K [0x000000070a200000, 0x0000000800000000)
  region size 2048K, 3 young (6144K), 2 survivors (4096K)
 Metaspace       used 38963K, committed 39424K, reserved 1089536K
  class space    used 4635K, committed 4864K, reserved 1048576K
}
Event: 2.701 GC heap after
{Heap after GC invocations=12 (full 0):
 garbage-first heap   total 61440K, used 17388K [0x000000070a200000, 0x0000000800000000)
  region size 2048K, 1 young (2048K), 1 survivors (2048K)
 Metaspace       used 38963K, committed 39424K, reserved 1089536K
  class space    used 4635K, committed 4864K, reserved 1048576K
}
Event: 2.950 GC heap before
{Heap before GC invocations=12 (full 0):
 garbage-first heap   total 61440K, used 44012K [0x000000070a200000, 0x0000000800000000)
  region size 2048K, 14 young (28672K), 1 survivors (2048K)
 Metaspace       used 42118K, committed 42496K, reserved 1089536K
  class space    used 4999K, committed 5184K, reserved 1048576K
}
Event: 2.954 GC heap after
{Heap after GC invocations=13 (full 0):
 garbage-first heap   total 157696K, used 17943K [0x000000070a200000, 0x0000000800000000)
  region size 2048K, 1 young (2048K), 1 survivors (2048K)
 Metaspace       used 42118K, committed 42496K, reserved 1089536K
  class space    used 4999K, committed 5184K, reserved 1048576K
}
Event: 3.698 GC heap before
{Heap before GC invocations=13 (full 0):
 garbage-first heap   total 157696K, used 110103K [0x000000070a200000, 0x0000000800000000)
  region size 2048K, 46 young (94208K), 1 survivors (2048K)
 Metaspace       used 52025K, committed 52544K, reserved 1097728K
  class space    used 6343K, committed 6592K, reserved 1048576K
}
Event: 3.701 GC heap after
{Heap after GC invocations=14 (full 0):
 garbage-first heap   total 157696K, used 20262K [0x000000070a200000, 0x0000000800000000)
  region size 2048K, 2 young (4096K), 2 survivors (4096K)
 Metaspace       used 52025K, committed 52544K, reserved 1097728K
  class space    used 6343K, committed 6592K, reserved 1048576K
}
Event: 4.211 GC heap before
{Heap before GC invocations=14 (full 0):
 garbage-first heap   total 157696K, used 75558K [0x000000070a200000, 0x0000000800000000)
  region size 2048K, 30 young (61440K), 2 survivors (4096K)
 Metaspace       used 59727K, committed 60096K, reserved 1105920K
  class space    used 7352K, committed 7552K, reserved 1048576K
}
Event: 4.215 GC heap after
{Heap after GC invocations=15 (full 0):
 garbage-first heap   total 157696K, used 22142K [0x000000070a200000, 0x0000000800000000)
  region size 2048K, 3 young (6144K), 3 survivors (6144K)
 Metaspace       used 59727K, committed 60096K, reserved 1105920K
  class space    used 7352K, committed 7552K, reserved 1048576K
}
Event: 4.569 GC heap before
{Heap before GC invocations=16 (full 0):
 garbage-first heap   total 96256K, used 71294K [0x000000070a200000, 0x0000000800000000)
  region size 2048K, 28 young (57344K), 3 survivors (6144K)
 Metaspace       used 64452K, committed 64832K, reserved 1105920K
  class space    used 8067K, committed 8256K, reserved 1048576K
}
Event: 4.574 GC heap after
{Heap after GC invocations=17 (full 0):
 garbage-first heap   total 96256K, used 24871K [0x000000070a200000, 0x0000000800000000)
  region size 2048K, 3 young (6144K), 3 survivors (6144K)
 Metaspace       used 64452K, committed 64832K, reserved 1105920K
  class space    used 8067K, committed 8256K, reserved 1048576K
}
Event: 4.606 GC heap before
{Heap before GC invocations=17 (full 0):
 garbage-first heap   total 96256K, used 26919K [0x000000070a200000, 0x0000000800000000)
  region size 2048K, 4 young (8192K), 3 survivors (6144K)
 Metaspace       used 65179K, committed 65536K, reserved 1114112K
  class space    used 8138K, committed 8320K, reserved 1048576K
}
Event: 4.608 GC heap after
{Heap after GC invocations=18 (full 0):
 garbage-first heap   total 96256K, used 23487K [0x000000070a200000, 0x0000000800000000)
  region size 2048K, 1 young (2048K), 1 survivors (2048K)
 Metaspace       used 65179K, committed 65536K, reserved 1114112K
  class space    used 8138K, committed 8320K, reserved 1048576K
}
Event: 4.983 GC heap before
{Heap before GC invocations=18 (full 0):
 garbage-first heap   total 96256K, used 74687K [0x000000070a200000, 0x0000000800000000)
  region size 2048K, 26 young (53248K), 1 survivors (2048K)
 Metaspace       used 70020K, committed 70464K, reserved 1114112K
  class space    used 8948K, committed 9152K, reserved 1048576K
}
Event: 4.985 GC heap after
{Heap after GC invocations=19 (full 0):
 garbage-first heap   total 96256K, used 23807K [0x000000070a200000, 0x0000000800000000)
  region size 2048K, 1 young (2048K), 1 survivors (2048K)
 Metaspace       used 70020K, committed 70464K, reserved 1114112K
  class space    used 8948K, committed 9152K, reserved 1048576K
}
Event: 5.435 GC heap before
{Heap before GC invocations=20 (full 0):
 garbage-first heap   total 96256K, used 75007K [0x000000070a200000, 0x0000000800000000)
  region size 2048K, 26 young (53248K), 1 survivors (2048K)
 Metaspace       used 74323K, committed 74816K, reserved 1114112K
  class space    used 9561K, committed 9792K, reserved 1048576K
}
Event: 5.440 GC heap after
{Heap after GC invocations=21 (full 0):
 garbage-first heap   total 96256K, used 25648K [0x000000070a200000, 0x0000000800000000)
  region size 2048K, 2 young (4096K), 2 survivors (4096K)
 Metaspace       used 74323K, committed 74816K, reserved 1114112K
  class space    used 9561K, committed 9792K, reserved 1048576K
}
Event: 5.981 GC heap before
{Heap before GC invocations=21 (full 0):
 garbage-first heap   total 96256K, used 76848K [0x000000070a200000, 0x0000000800000000)
  region size 2048K, 27 young (55296K), 2 survivors (4096K)
 Metaspace       used 76804K, committed 77312K, reserved 1122304K
  class space    used 9929K, committed 10176K, reserved 1048576K
}
Event: 5.985 GC heap after
{Heap after GC invocations=22 (full 0):
 garbage-first heap   total 122880K, used 28044K [0x000000070a200000, 0x0000000800000000)
  region size 2048K, 3 young (6144K), 3 survivors (6144K)
 Metaspace       used 76804K, committed 77312K, reserved 1122304K
  class space    used 9929K, committed 10176K, reserved 1048576K
}
Event: 71.946 GC heap before
{Heap before GC invocations=22 (full 0):
 garbage-first heap   total 122880K, used 93580K [0x000000070a200000, 0x0000000800000000)
  region size 2048K, 36 young (73728K), 3 survivors (6144K)
 Metaspace       used 81966K, committed 82560K, reserved 1122304K
  class space    used 10600K, committed 10880K, reserved 1048576K
}
Event: 71.956 GC heap after
{Heap after GC invocations=23 (full 0):
 garbage-first heap   total 122880K, used 31128K [0x000000070a200000, 0x0000000800000000)
  region size 2048K, 4 young (8192K), 4 survivors (8192K)
 Metaspace       used 81966K, committed 82560K, reserved 1122304K
  class space    used 10600K, committed 10880K, reserved 1048576K
}

