<?xml version="1.0" encoding="UTF-8"?>
<testsuite xmlns:xsi="http://www.w3.org/2001/XMLSchema-instance" xsi:noNamespaceSchemaLocation="https://maven.apache.org/surefire/maven-surefire-plugin/xsd/surefire-test-report-3.0.xsd" version="3.0" name="com.onebox.onebox.OneboxApplicationTests" time="6.227" tests="1" errors="0" skipped="0" failures="0">
  <properties>
[...]
</properties>
  <testcase name="contextLoads" classname="com.onebox.onebox.OneboxApplicationTests" time="0.586">
    <system-out><![CDATA[19:41:02.064 [main] INFO org.springframework.test.context.support.AnnotationConfigContextLoaderUtils -- Could not detect default configuration classes for test class [com.onebox.onebox.OneboxApplicationTests]: OneboxApplicationTests does not declare any static, non-private, non-final, nested classes annotated with @Configuration.
19:41:02.205 [main] INFO org.springframework.boot.test.context.SpringBootTestContextBootstrapper -- Found @SpringBootConfiguration com.onebox.onebox.OneboxApplication for test class com.onebox.onebox.OneboxApplicationTests

  .   ____          _            __ _ _
 /\\ / ___'_ __ _ _(_)_ __  __ _ \ \ \ \
( ( )\___ | '_ | '_| | '_ \/ _` | \ \ \ \
 \\/  ___)| |_)| | | | | || (_| |  ) ) ) )
  '  |____| .__|_| |_|_| |_\__, | / / / /
 =========|_|==============|___/=/_/_/_/
 :: Spring Boot ::                (v3.2.1)

2024-01-03T19:41:03.767+05:30  WARN 445785 --- [           main] ory$DuplicateJsonObjectContextCustomizer : 

Found multiple occurrences of org.json.JSONObject on the class path:

	jar:file:/home/local/ZOHOCORP/pranav-pt5073/.m2/repository/com/vaadin/external/google/android-json/0.0.20131108.vaadin1/android-json-0.0.20131108.vaadin1.jar!/org/json/JSONObject.class
	jar:file:/home/local/ZOHOCORP/pranav-pt5073/.m2/repository/org/json/json/20231013/json-20231013.jar!/org/json/JSONObject.class

You may wish to exclude one of them to ensure predictable runtime behavior

2024-01-03T19:41:03.780+05:30  INFO 445785 --- [           main] c.onebox.onebox.OneboxApplicationTests   : Starting OneboxApplicationTests using Java 17.0.9 with PID 445785 (started by pranav-pt5073 in /home/local/ZOHOCORP/pranav-pt5073/eclipse-workspace/taskapp)
2024-01-03T19:41:03.781+05:30  INFO 445785 --- [           main] c.onebox.onebox.OneboxApplicationTests   : No active profile set, falling back to 1 default profile: "default"
2024-01-03T19:41:04.476+05:30  INFO 445785 --- [           main] .s.d.r.c.RepositoryConfigurationDelegate : Bootstrapping Spring Data JPA repositories in DEFAULT mode.
2024-01-03T19:41:04.530+05:30  INFO 445785 --- [           main] .s.d.r.c.RepositoryConfigurationDelegate : Finished Spring Data repository scanning in 47 ms. Found 1 JPA repository interface.
2024-01-03T19:41:05.074+05:30  INFO 445785 --- [           main] o.hibernate.jpa.internal.util.LogHelper  : HHH000204: Processing PersistenceUnitInfo [name: default]
2024-01-03T19:41:05.113+05:30  INFO 445785 --- [           main] org.hibernate.Version                    : HHH000412: Hibernate ORM core version 6.3.1.Final
2024-01-03T19:41:05.142+05:30  INFO 445785 --- [           main] o.h.c.internal.RegionFactoryInitiator    : HHH000026: Second-level cache disabled
2024-01-03T19:41:05.304+05:30  INFO 445785 --- [           main] o.s.o.j.p.SpringPersistenceUnitInfo      : No LoadTimeWeaver setup: ignoring JPA class transformer
2024-01-03T19:41:05.344+05:30  INFO 445785 --- [           main] com.zaxxer.hikari.HikariDataSource       : HikariPool-1 - Starting...
2024-01-03T19:41:05.543+05:30  INFO 445785 --- [           main] com.zaxxer.hikari.pool.HikariPool        : HikariPool-1 - Added connection com.mysql.cj.jdbc.ConnectionImpl@72c704f1
2024-01-03T19:41:05.545+05:30  INFO 445785 --- [           main] com.zaxxer.hikari.HikariDataSource       : HikariPool-1 - Start completed.
2024-01-03T19:41:05.577+05:30  WARN 445785 --- [           main] org.hibernate.orm.deprecation            : HHH90000025: MySQLDialect does not need to be specified explicitly using 'hibernate.dialect' (remove the property setting and it will be selected by default)
2024-01-03T19:41:06.280+05:30  INFO 445785 --- [           main] o.h.e.t.j.p.i.JtaPlatformInitiator       : HHH000489: No JTA platform available (set 'hibernate.transaction.jta.platform' to enable JTA platform integration)
2024-01-03T19:41:06.318+05:30  INFO 445785 --- [           main] j.LocalContainerEntityManagerFactoryBean : Initialized JPA EntityManagerFactory for persistence unit 'default'
2024-01-03T19:41:06.623+05:30  WARN 445785 --- [           main] JpaBaseConfiguration$JpaWebConfiguration : spring.jpa.open-in-view is enabled by default. Therefore, database queries may be performed during view rendering. Explicitly configure spring.jpa.open-in-view to disable this warning
2024-01-03T19:41:07.151+05:30  INFO 445785 --- [           main] o.s.s.web.DefaultSecurityFilterChain     : Will secure any request with [org.springframework.security.web.session.DisableEncodeUrlFilter@7c59f315, org.springframework.security.web.context.request.async.WebAsyncManagerIntegrationFilter@6c3830ed, org.springframework.security.web.context.SecurityContextHolderFilter@12ef7db5, org.springframework.security.web.header.HeaderWriterFilter@6f4e39b3, org.springframework.web.filter.CorsFilter@32a541a8, org.springframework.security.web.csrf.CsrfFilter@65cb50dc, org.springframework.security.web.authentication.logout.LogoutFilter@21e32876, org.springframework.security.oauth2.server.resource.web.authentication.BearerTokenAuthenticationFilter@18f8c76d, org.springframework.security.web.savedrequest.RequestCacheAwareFilter@3a8cc099, org.springframework.security.web.servletapi.SecurityContextHolderAwareRequestFilter@756b703d, org.springframework.security.web.authentication.AnonymousAuthenticationFilter@63b85d97, org.springframework.security.web.access.ExceptionTranslationFilter@6179551b, org.springframework.security.web.access.intercept.FilterSecurityInterceptor@a6fc2e1]
2024-01-03T19:41:07.537+05:30  INFO 445785 --- [           main] c.onebox.onebox.OneboxApplicationTests   : Started OneboxApplicationTests in 5.159 seconds (process running for 6.212)
]]></system-out>
  </testcase>
</testsuite>